Making install in tests
Making install in .
Making install in devel
Making install in mpn
Making install in mpz
Making install in mpq
Making install in mpf
Making install in rand
Making install in misc
Making install in cxx
Making install in mpn
Making install in mpz
Making install in mpq
Making install in mpf
Making install in printf
Making install in scanf
Making install in rand
Making install in cxx
Making install in demos
Making install in calc
Making install in expr
Making install in tune
Making install in doc
 /usr/bin/mkdir -p '/home/anoop130/operating_system/10_power_cal_threads/build/gmp/share/info'
 /usr/bin/install -c -m 644 ./gmp.info ./gmp.info-1 ./gmp.info-2 '/home/anoop130/operating_system/10_power_cal_threads/build/gmp/share/info'
 install-info --info-dir='/home/anoop130/operating_system/10_power_cal_threads/build/gmp/share/info' '/home/anoop130/operating_system/10_power_cal_threads/build/gmp/share/info/gmp.info'
 /usr/bin/mkdir -p '/home/anoop130/operating_system/10_power_cal_threads/build/gmp/lib'
 /bin/bash ./libtool   --mode=install /usr/bin/install -c   libgmp.la '/home/anoop130/operating_system/10_power_cal_threads/build/gmp/lib'
libtool: install: /usr/bin/install -c .libs/libgmp.so.10.4.1 /home/anoop130/operating_system/10_power_cal_threads/build/gmp/lib/libgmp.so.10.4.1
libtool: install: (cd /home/anoop130/operating_system/10_power_cal_threads/build/gmp/lib && { ln -s -f libgmp.so.10.4.1 libgmp.so.10 || { rm -f libgmp.so.10 && ln -s libgmp.so.10.4.1 libgmp.so.10; }; })
libtool: install: (cd /home/anoop130/operating_system/10_power_cal_threads/build/gmp/lib && { ln -s -f libgmp.so.10.4.1 libgmp.so || { rm -f libgmp.so && ln -s libgmp.so.10.4.1 libgmp.so; }; })
libtool: install: /usr/bin/install -c .libs/libgmp.lai /home/anoop130/operating_system/10_power_cal_threads/build/gmp/lib/libgmp.la
libtool: install: /usr/bin/install -c .libs/libgmp.a /home/anoop130/operating_system/10_power_cal_threads/build/gmp/lib/libgmp.a
libtool: install: chmod 644 /home/anoop130/operating_system/10_power_cal_threads/build/gmp/lib/libgmp.a
libtool: install: ranlib /home/anoop130/operating_system/10_power_cal_threads/build/gmp/lib/libgmp.a
libtool: finish: PATH="/opt/ros/jazzy/opt/gz_msgs_vendor/bin:/opt/ros/jazzy/opt/gz_tools_vendor/bin:/opt/ros/jazzy/opt/gz_ogre_next_vendor/bin:/opt/ros/jazzy/bin:/home/anoop130/.nvm/versions/node/v22.16.0/bin:/usr/local/sbin:/usr/local/bin:/usr/sbin:/usr/bin:/sbin:/bin:/usr/games:/usr/local/games:/snap/bin:/snap/bin:/sbin" ldconfig -n /home/anoop130/operating_system/10_power_cal_threads/build/gmp/lib
----------------------------------------------------------------------
Libraries have been installed in:
   /home/anoop130/operating_system/10_power_cal_threads/build/gmp/lib

If you ever happen to want to link against installed libraries
in a given directory, LIBDIR, you must either use libtool, and
specify the full pathname of the library, or use the '-LLIBDIR'
flag during linking and do at least one of the following:
   - add LIBDIR to the 'LD_LIBRARY_PATH' environment variable
     during execution
   - add LIBDIR to the 'LD_RUN_PATH' environment variable
     during linking
   - use the '-Wl,-rpath -Wl,LIBDIR' linker flag
   - have your system administrator add LIBDIR to '/etc/ld.so.conf'

See any operating system documentation about shared libraries for
more information, such as the ld(1) and ld.so(8) manual pages.
----------------------------------------------------------------------
 /usr/bin/mkdir -p '/home/anoop130/operating_system/10_power_cal_threads/build/gmp/include'
 /usr/bin/install -c -m 644 gmp.h '/home/anoop130/operating_system/10_power_cal_threads/build/gmp/include'
 /usr/bin/mkdir -p '/home/anoop130/operating_system/10_power_cal_threads/build/gmp/lib/pkgconfig'
 /usr/bin/install -c -m 644 gmp.pc '/home/anoop130/operating_system/10_power_cal_threads/build/gmp/lib/pkgconfig'

+-------------------------------------------------------------+
| CAUTION:                                                    |
|                                                             |
| If you have not already run "make check", then we strongly  |
| recommend you do so.                                        |
|                                                             |
| GMP has been carefully tested by its authors, but compilers |
| are all too often released with serious bugs.  GMP tends to |
| explore interesting corners in compilers and has hit bugs   |
| on quite a few occasions.                                   |
|                                                             |
+-------------------------------------------------------------+

